python : <frozen runpy>:128: RuntimeWarning: 
'backend.app' found in sys.modules after import 
of package 'backend', but prior to execution of 
'backend.app'; this may result in unpredictable 
behaviour
En línea: 1 Carácter: 1
+ python -m backend.app 2>&1 | Out-File 
backend_start.log -Encoding utf ...
+ ~~~~~~~~~~~~~~~~~~~~~~~~~~
    + CategoryInfo          : NotSpecified: (<fr 
   ozen runpy>:...table behaviour:String) [], R  
  emoteException
    + FullyQualifiedErrorId : NativeCommandError
 
Modo Desarrollo: Conectando a SQLite (sqlite:///C:/Users/carlo/U/EntrenaProChile/database/entrenapro.db)
DB: create_all executed (development mode)
Modo Desarrollo: Conectando a SQLite (sqlite:///C:/Users/carlo/U/EntrenaProChile/database/entrenapro.db)
DB: create_all executed (development mode)
Starting Flask on 0.0.0.0:5000 (debug=True)
 * Serving Flask app 'app'
 * Debug mode: on
WARNING: This is a development server. Do not 
use it in a production deployment. Use a 
production WSGI server instead.
 * Running on all addresses (0.0.0.0)
 * Running on http://127.0.0.1:5000
 * Running on http://10.89.176.119:5000
Press CTRL+C to quit
 * Restarting with stat
<frozen runpy>:128: RuntimeWarning: 
'backend.app' found in sys.modules after import 
of package 'backend', but prior to execution of 
'backend.app'; this may result in unpredictable 
behaviour
 * Debugger is active!
 * Debugger PIN: 109-018-524
 * Detected change in 'C:\\Users\\carlo\\U\\Entre
naProChile\\database\\database.py', reloading
Modo Desarrollo: Conectando a SQLite (sqlite:///C:/Users/carlo/U/EntrenaProChile/database/entrenapro.db)
DB: create_all executed (development mode)
Modo Desarrollo: Conectando a SQLite (sqlite:///C:/Users/carlo/U/EntrenaProChile/database/entrenapro.db)
DB: create_all executed (development mode)
Starting Flask on 0.0.0.0:5000 (debug=True)
 * Restarting with stat
<frozen runpy>:128: RuntimeWarning: 
'backend.app' found in sys.modules after import 
of package 'backend', but prior to execution of 
'backend.app'; this may result in unpredictable 
behaviour
 * Debugger is active!
 * Debugger PIN: 109-018-524
 * Detected change in 'C:\\Users\\carlo\\U\\Entre
naProChile\\database\\database.py', reloading
Modo Desarrollo: Conectando a SQLite (sqlite:///C:/Users/carlo/U/EntrenaProChile/database/entrenapro.db)
DB: create_all executed (development mode)
Modo Desarrollo: Conectando a SQLite (sqlite:///C:/Users/carlo/U/EntrenaProChile/database/entrenapro.db)
DB: create_all executed (development mode)
Starting Flask on 0.0.0.0:5000 (debug=True)
 * Restarting with stat
<frozen runpy>:128: RuntimeWarning: 
'backend.app' found in sys.modules after import 
of package 'backend', but prior to execution of 
'backend.app'; this may result in unpredictable 
behaviour
 * Debugger is active!
 * Debugger PIN: 109-018-524
 * Detected change in 'C:\\Users\\carlo\\U\\Entre
naProChile\\scripts\\add_instagram_column.py', 
reloading
Modo Desarrollo: Conectando a SQLite (sqlite:///C:/Users/carlo/U/EntrenaProChile/database/entrenapro.db)
DB: create_all executed (development mode)
Modo Desarrollo: Conectando a SQLite (sqlite:///C:/Users/carlo/U/EntrenaProChile/database/entrenapro.db)
DB: create_all executed (development mode)
Starting Flask on 0.0.0.0:5000 (debug=True)
 * Restarting with stat
<frozen runpy>:128: RuntimeWarning: 
'backend.app' found in sys.modules after import 
of package 'backend', but prior to execution of 
'backend.app'; this may result in unpredictable 
behaviour
 * Debugger is active!
 * Debugger PIN: 109-018-524
 * Detected change in 'C:\\Users\\carlo\\U\\Entre
naProChile\\scripts\\add_instagram_column.py', 
reloading
Modo Desarrollo: Conectando a SQLite (sqlite:///C:/Users/carlo/U/EntrenaProChile/database/entrenapro.db)
DB: create_all executed (development mode)
Modo Desarrollo: Conectando a SQLite (sqlite:///C:/Users/carlo/U/EntrenaProChile/database/entrenapro.db)
DB: create_all executed (development mode)
Starting Flask on 0.0.0.0:5000 (debug=True)
 * Restarting with stat
<frozen runpy>:128: RuntimeWarning: 
'backend.app' found in sys.modules after import 
of package 'backend', but prior to execution of 
'backend.app'; this may result in unpredictable 
behaviour
 * Debugger is active!
 * Debugger PIN: 109-018-524
 * Detected change in 'C:\\Users\\carlo\\U\\Entre
naProChile\\scripts\\set_trainer_youtube.py', 
reloading
Modo Desarrollo: Conectando a SQLite (sqlite:///C:/Users/carlo/U/EntrenaProChile/database/entrenapro.db)
DB: create_all executed (development mode)
Modo Desarrollo: Conectando a SQLite (sqlite:///C:/Users/carlo/U/EntrenaProChile/database/entrenapro.db)
DB: create_all executed (development mode)
Starting Flask on 0.0.0.0:5000 (debug=True)
 * Restarting with stat
<frozen runpy>:128: RuntimeWarning: 
'backend.app' found in sys.modules after import 
of package 'backend', but prior to execution of 
'backend.app'; this may result in unpredictable 
behaviour
 * Debugger is active!
 * Debugger PIN: 109-018-524
 * Detected change in 'C:\\Users\\carlo\\U\\Entre
naProChile\\scripts\\set_trainer_youtube.py', 
reloading
Modo Desarrollo: Conectando a SQLite (sqlite:///C:/Users/carlo/U/EntrenaProChile/database/entrenapro.db)
DB: create_all executed (development mode)
Modo Desarrollo: Conectando a SQLite (sqlite:///C:/Users/carlo/U/EntrenaProChile/database/entrenapro.db)
DB: create_all executed (development mode)
Starting Flask on 0.0.0.0:5000 (debug=True)
 * Restarting with stat
<frozen runpy>:128: RuntimeWarning: 
'backend.app' found in sys.modules after import 
of package 'backend', but prior to execution of 
'backend.app'; this may result in unpredictable 
behaviour
 * Debugger is active!
 * Debugger PIN: 109-018-524
 * Detected change in 'C:\\Users\\carlo\\U\\Entre
naProChile\\backend\\app.py', reloading
Modo Desarrollo: Conectando a SQLite (sqlite:///C:/Users/carlo/U/EntrenaProChile/database/entrenapro.db)
DB: create_all executed (development mode)
Modo Desarrollo: Conectando a SQLite (sqlite:///C:/Users/carlo/U/EntrenaProChile/database/entrenapro.db)
DB: create_all executed (development mode)
Starting Flask on 0.0.0.0:5000 (debug=True)
 * Restarting with stat
<frozen runpy>:128: RuntimeWarning: 
'backend.app' found in sys.modules after import 
of package 'backend', but prior to execution of 
'backend.app'; this may result in unpredictable 
behaviour
 * Debugger is active!
 * Debugger PIN: 109-018-524
 * Detected change in 'C:\\Users\\carlo\\U\\Entre
naProChile\\backend\\app.py', reloading
Modo Desarrollo: Conectando a SQLite (sqlite:///C:/Users/carlo/U/EntrenaProChile/database/entrenapro.db)
DB: create_all executed (development mode)
Modo Desarrollo: Conectando a SQLite (sqlite:///C:/Users/carlo/U/EntrenaProChile/database/entrenapro.db)
DB: create_all executed (development mode)
Starting Flask on 0.0.0.0:5000 (debug=True)
 * Restarting with stat
<frozen runpy>:128: RuntimeWarning: 
'backend.app' found in sys.modules after import 
of package 'backend', but prior to execution of 
'backend.app'; this may result in unpredictable 
behaviour
 * Debugger is active!
 * Debugger PIN: 109-018-524
 * Detected change in 'C:\\Users\\carlo\\U\\Entre
naProChile\\backend\\app.py', reloading
Modo Desarrollo: Conectando a SQLite (sqlite:///C:/Users/carlo/U/EntrenaProChile/database/entrenapro.db)
DB: create_all executed (development mode)
Modo Desarrollo: Conectando a SQLite (sqlite:///C:/Users/carlo/U/EntrenaProChile/database/entrenapro.db)
DB: create_all executed (development mode)
Starting Flask on 0.0.0.0:5000 (debug=True)
 * Restarting with stat
<frozen runpy>:128: RuntimeWarning: 
'backend.app' found in sys.modules after import 
of package 'backend', but prior to execution of 
'backend.app'; this may result in unpredictable 
behaviour
 * Debugger is active!
 * Debugger PIN: 109-018-524
 * Detected change in 'C:\\Users\\carlo\\U\\Entre
naProChile\\backend\\app.py', reloading
Modo Desarrollo: Conectando a SQLite (sqlite:///C:/Users/carlo/U/EntrenaProChile/database/entrenapro.db)
DB: create_all executed (development mode)
Modo Desarrollo: Conectando a SQLite (sqlite:///C:/Users/carlo/U/EntrenaProChile/database/entrenapro.db)
DB: create_all executed (development mode)
Starting Flask on 0.0.0.0:5000 (debug=True)
 * Restarting with stat
<frozen runpy>:128: RuntimeWarning: 
'backend.app' found in sys.modules after import 
of package 'backend', but prior to execution of 
'backend.app'; this may result in unpredictable 
behaviour
 * Debugger is active!
 * Debugger PIN: 109-018-524
 * Detected change in 'C:\\Users\\carlo\\U\\Entre
naProChile\\backend\\app.py', reloading
Modo Desarrollo: Conectando a SQLite (sqlite:///C:/Users/carlo/U/EntrenaProChile/database/entrenapro.db)
DB: create_all executed (development mode)
Modo Desarrollo: Conectando a SQLite (sqlite:///C:/Users/carlo/U/EntrenaProChile/database/entrenapro.db)
DB: create_all executed (development mode)
Starting Flask on 0.0.0.0:5000 (debug=True)
 * Restarting with stat
<frozen runpy>:128: RuntimeWarning: 
'backend.app' found in sys.modules after import 
of package 'backend', but prior to execution of 
'backend.app'; this may result in unpredictable 
behaviour
 * Debugger is active!
 * Debugger PIN: 109-018-524
 * Detected change in 'C:\\Users\\carlo\\U\\Entre
naProChile\\backend\\app.py', reloading
Modo Desarrollo: Conectando a SQLite (sqlite:///C:/Users/carlo/U/EntrenaProChile/database/entrenapro.db)
DB: create_all executed (development mode)
Modo Desarrollo: Conectando a SQLite (sqlite:///C:/Users/carlo/U/EntrenaProChile/database/entrenapro.db)
DB: create_all executed (development mode)
Starting Flask on 0.0.0.0:5000 (debug=True)
 * Restarting with stat
<frozen runpy>:128: RuntimeWarning: 
'backend.app' found in sys.modules after import 
of package 'backend', but prior to execution of 
'backend.app'; this may result in unpredictable 
behaviour
 * Debugger is active!
 * Debugger PIN: 109-018-524
